# JRE version: OpenJDK Runtime Environment (8.0_152-b01) (build 1.8.0_152-release-915-b01)
# Java VM: OpenJDK 64-Bit Server VM (25.152-b01 mixed mode windows-amd64 compressed oops)
Heap:
 PSYoungGen      total 466432K, used 233438K [0x00000000e0000000, 0x0000000100000000, 0x0000000100000000)
  eden space 432128K, 46% used [0x00000000e0000000,0x00000000ec27ac60,0x00000000fa600000)
  from space 34304K, 99% used [0x00000000fde80000,0x00000000ffffcf40,0x0000000100000000)
  to   space 46080K, 0% used [0x00000000fa600000,0x00000000fa600000,0x00000000fd300000)
 ParOldGen       total 202752K, used 61288K [0x00000000a0000000, 0x00000000ac600000, 0x00000000e0000000)
  object space 202752K, 30% used [0x00000000a0000000,0x00000000a3bda340,0x00000000ac600000)
 Metaspace       used 92064K, capacity 97524K, committed 97792K, reserved 1134592K
  class space    used 11793K, capacity 13050K, committed 13056K, reserved 1048576K
GC Heap History (10 events):
Event: 248.476 GC heap before
{Heap before GC invocations=13 (full 3):
 PSYoungGen      total 278016K, used 256512K [0x00000000e0000000, 0x00000000f7680000, 0x0000000100000000)
  eden space 256512K, 100% used [0x00000000e0000000,0x00000000efa80000,0x00000000efa80000)
  from space 21504K, 0% used [0x00000000efa80000,0x00000000efa80000,0x00000000f0f80000)
  to   space 28160K, 0% used [0x00000000f5b00000,0x00000000f5b00000,0x00000000f7680000)
 ParOldGen       total 202752K, used 42368K [0x00000000a0000000, 0x00000000ac600000, 0x00000000e0000000)
  object space 202752K, 20% used [0x00000000a0000000,0x00000000a29600a0,0x00000000ac600000)
 Metaspace       used 64091K, capacity 67260K, committed 67584K, reserved 1107968K
  class space    used 8521K, capacity 9387K, committed 9472K, reserved 1048576K
Event: 248.487 GC heap after
Heap after GC invocations=13 (full 3):
 PSYoungGen      total 355328K, used 17649K [0x00000000e0000000, 0x00000000f7f00000, 0x0000000100000000)
  eden space 327168K, 0% used [0x00000000e0000000,0x00000000e0000000,0x00000000f3f80000)
  from space 28160K, 62% used [0x00000000f5b00000,0x00000000f6c3c6c0,0x00000000f7680000)
  to   space 28160K, 0% used [0x00000000f3f80000,0x00000000f3f80000,0x00000000f5b00000)
 ParOldGen       total 202752K, used 42403K [0x00000000a0000000, 0x00000000ac600000, 0x00000000e0000000)
  object space 202752K, 20% used [0x00000000a0000000,0x00000000a2968cf0,0x00000000ac600000)
 Metaspace       used 64091K, capacity 67260K, committed 67584K, reserved 1107968K
  class space    used 8521K, capacity 9387K, committed 9472K, reserved 1048576K
}
Event: 271.916 GC heap before
{Heap before GC invocations=14 (full 3):
 PSYoungGen      total 355328K, used 344817K [0x00000000e0000000, 0x00000000f7f00000, 0x0000000100000000)
  eden space 327168K, 100% used [0x00000000e0000000,0x00000000f3f80000,0x00000000f3f80000)
  from space 28160K, 62% used [0x00000000f5b00000,0x00000000f6c3c6c0,0x00000000f7680000)
  to   space 28160K, 0% used [0x00000000f3f80000,0x00000000f3f80000,0x00000000f5b00000)
 ParOldGen       total 202752K, used 42403K [0x00000000a0000000, 0x00000000ac600000, 0x00000000e0000000)
  object space 202752K, 20% used [0x00000000a0000000,0x00000000a2968cf0,0x00000000ac600000)
 Metaspace       used 68267K, capacity 71574K, committed 71808K, reserved 1112064K
  class space    used 8992K, capacity 9838K, committed 9856K, reserved 1048576K
Event: 271.936 GC heap after
Heap after GC invocations=14 (full 3):
 PSYoungGen      total 355328K, used 26615K [0x00000000e0000000, 0x00000000fd300000, 0x0000000100000000)
  eden space 327168K, 0% used [0x00000000e0000000,0x00000000e0000000,0x00000000f3f80000)
  from space 28160K, 94% used [0x00000000f3f80000,0x00000000f597dd30,0x00000000f5b00000)
  to   space 31232K, 0% used [0x00000000fb480000,0x00000000fb480000,0x00000000fd300000)
 ParOldGen       total 202752K, used 42411K [0x00000000a0000000, 0x00000000ac600000, 0x00000000e0000000)
  object space 202752K, 20% used [0x00000000a0000000,0x00000000a296acf0,0x00000000ac600000)
 Metaspace       used 68267K, capacity 71574K, committed 71808K, reserved 1112064K
  class space    used 8992K, capacity 9838K, committed 9856K, reserved 1048576K
}
Event: 275.652 GC heap before
{Heap before GC invocations=15 (full 3):
 PSYoungGen      total 355328K, used 353783K [0x00000000e0000000, 0x00000000fd300000, 0x0000000100000000)
  eden space 327168K, 100% used [0x00000000e0000000,0x00000000f3f80000,0x00000000f3f80000)
  from space 28160K, 94% used [0x00000000f3f80000,0x00000000f597dd30,0x00000000f5b00000)
  to   space 31232K, 0% used [0x00000000fb480000,0x00000000fb480000,0x00000000fd300000)
 ParOldGen       total 202752K, used 42411K [0x00000000a0000000, 0x00000000ac600000, 0x00000000e0000000)
  object space 202752K, 20% used [0x00000000a0000000,0x00000000a296acf0,0x00000000ac600000)
 Metaspace       used 68686K, capacity 72022K, committed 72192K, reserved 1112064K
  class space    used 9029K, capacity 9914K, committed 9984K, reserved 1048576K
Event: 275.663 GC heap after
Heap after GC invocations=15 (full 3):
 PSYoungGen      total 431616K, used 20144K [0x00000000e0000000, 0x00000000fcc00000, 0x0000000100000000)
  eden space 407552K, 0% used [0x00000000e0000000,0x00000000e0000000,0x00000000f8e00000)
  from space 24064K, 83% used [0x00000000fb480000,0x00000000fc82c190,0x00000000fcc00000)
  to   space 31744K, 0% used [0x00000000f8e00000,0x00000000f8e00000,0x00000000fad00000)
 ParOldGen       total 202752K, used 42419K [0x00000000a0000000, 0x00000000ac600000, 0x00000000e0000000)
  object space 202752K, 20% used [0x00000000a0000000,0x00000000a296ccf0,0x00000000ac600000)
 Metaspace       used 68686K, capacity 72022K, committed 72192K, reserved 1112064K
  class space    used 9029K, capacity 9914K, committed 9984K, reserved 1048576K
}
Event: 403.341 GC heap before
{Heap before GC invocations=16 (full 3):
 PSYoungGen      total 431616K, used 427215K [0x00000000e0000000, 0x00000000fcc00000, 0x0000000100000000)
  eden space 407552K, 99% used [0x00000000e0000000,0x00000000f8d87cb8,0x00000000f8e00000)
  from space 24064K, 83% used [0x00000000fb480000,0x00000000fc82c190,0x00000000fcc00000)
  to   space 31744K, 0% used [0x00000000f8e00000,0x00000000f8e00000,0x00000000fad00000)
 ParOldGen       total 202752K, used 42419K [0x00000000a0000000, 0x00000000ac600000, 0x00000000e0000000)
  object space 202752K, 20% used [0x00000000a0000000,0x00000000a296ccf0,0x00000000ac600000)
 Metaspace       used 73606K, capacity 77506K, committed 77824K, reserved 1116160K
  class space    used 9652K, capacity 10634K, committed 10752K, reserved 1048576K
Event: 403.359 GC heap after
Heap after GC invocations=16 (full 3):
 PSYoungGen      total 439296K, used 27299K [0x00000000e0000000, 0x0000000100000000, 0x0000000100000000)
  eden space 407552K, 0% used [0x00000000e0000000,0x00000000e0000000,0x00000000f8e00000)
  from space 31744K, 86% used [0x00000000f8e00000,0x00000000fa8a8f80,0x00000000fad00000)
  to   space 34304K, 0% used [0x00000000fde80000,0x00000000fde80000,0x0000000100000000)
 ParOldGen       total 202752K, used 42427K [0x00000000a0000000, 0x00000000ac600000, 0x00000000e0000000)
  object space 202752K, 20% used [0x00000000a0000000,0x00000000a296ecf0,0x00000000ac600000)
 Metaspace       used 73606K, capacity 77506K, committed 77824K, reserved 1116160K
  class space    used 9652K, capacity 10634K, committed 10752K, reserved 1048576K
}
Event: 440.323 GC heap before
{Heap before GC invocations=17 (full 3):
 PSYoungGen      total 439296K, used 434851K [0x00000000e0000000, 0x0000000100000000, 0x0000000100000000)
  eden space 407552K, 100% used [0x00000000e0000000,0x00000000f8e00000,0x00000000f8e00000)
  from space 31744K, 86% used [0x00000000f8e00000,0x00000000fa8a8f80,0x00000000fad00000)
  to   space 34304K, 0% used [0x00000000fde80000,0x00000000fde80000,0x0000000100000000)
 ParOldGen       total 202752K, used 42427K [0x00000000a0000000, 0x00000000ac600000, 0x00000000e0000000)
  object space 202752K, 20% used [0x00000000a0000000,0x00000000a296ecf0,0x00000000ac600000)
 Metaspace       used 87488K, capacity 92436K, committed 92800K, reserved 1130496K
  class space    used 11370K, capacity 12548K, committed 12672K, reserved 1048576K
Event: 440.363 GC heap after
Heap after GC invocations=17 (full 3):
 PSYoungGen      total 466432K, used 34291K [0x00000000e0000000, 0x0000000100000000, 0x0000000100000000)
  eden space 432128K, 0% used [0x00000000e0000000,0x00000000e0000000,0x00000000fa600000)
  from space 34304K, 99% used [0x00000000fde80000,0x00000000ffffcf40,0x0000000100000000)
  to   space 46080K, 0% used [0x00000000fa600000,0x00000000fa600000,0x00000000fd300000)
 ParOldGen       total 202752K, used 61288K [0x00000000a0000000, 0x00000000ac600000, 0x00000000e0000000)
  object space 202752K, 30% used [0x00000000a0000000,0x00000000a3bda340,0x00000000ac600000)
 Metaspace       used 87488K, capacity 92436K, committed 92800K, reserved 1130496K
  class space    used 11370K, capacity 12548K, committed 12672K, reserved 1048576K
}

